<?xml version="1.0" encoding="UTF-8"?>
<!-- Generated by org.testng.reporters.JUnitReportReporter -->
<testsuite hostname="DESKTOP-JSMRUSM" failures="0" tests="5" name="test.Login_TC001" time="166.256" errors="0" timestamp="17 Nov 2021 18:19:37 GMT" skipped="0">
  <testcase classname="test.Login_TC001" name="Login_flow" time="31.952"/>
  <testcase classname="test.Login_TC001" name="Login_flow" time="26.325"/>
  <testcase classname="test.Login_TC001" name="Login_flow" time="27.942"/>
  <testcase classname="test.Login_TC001" name="Login_flow" time="34.659"/>
  <testcase classname="test.Login_TC001" name="Login_flow" time="45.378"/>
</testsuite> <!-- test.Login_TC001 -->
