<?xml version="1.0" encoding="UTF-8"?>
<!-- Generated by org.testng.reporters.JUnitReportReporter -->
<testsuite hostname="DESKTOP-JSMRUSM" failures="0" tests="1" name="test.Login_TC005" time="38.656" errors="0" timestamp="17 Nov 2021 18:19:37 GMT" skipped="0">
  <testcase classname="test.Login_TC005" name="managerLogin" time="38.656"/>
</testsuite> <!-- test.Login_TC005 -->
