<?xml version="1.0" encoding="UTF-8"?>
<!-- Generated by org.testng.reporters.JUnitReportReporter -->
<testsuite hostname="DESKTOP-JSMRUSM" failures="0" tests="1" name="test.Login_TC002" time="8.230" errors="0" timestamp="17 Nov 2021 18:19:37 GMT" skipped="0">
  <testcase classname="test.Login_TC002" name="dev_userLogIn" time="8.230"/>
</testsuite> <!-- test.Login_TC002 -->
