<?xml version="1.0" encoding="UTF-8"?>
<!-- Generated by org.testng.reporters.JUnitReportReporter -->
<testsuite hostname="DESKTOP-JSMRUSM" failures="0" tests="1" name="test.Login_TC002" time="7.413" errors="0" timestamp="14 Nov 2021 17:55:01 GMT" skipped="0">
  <testcase classname="test.Login_TC002" name="dev_userLogIn" time="7.413"/>
</testsuite> <!-- test.Login_TC002 -->
