<?xml version="1.0" encoding="UTF-8"?>
<!-- Generated by org.testng.reporters.JUnitReportReporter -->
<testsuite hostname="DESKTOP-JSMRUSM" failures="0" tests="1" name="test.Login_TC005" time="38.455" errors="0" timestamp="14 Nov 2021 17:39:40 GMT" skipped="0">
  <testcase classname="test.Login_TC005" name="managerLogin" time="38.455"/>
</testsuite> <!-- test.Login_TC005 -->
