<?xml version="1.0" encoding="UTF-8"?>
<!-- Generated by org.testng.reporters.JUnitReportReporter -->
<testsuite hostname="DESKTOP-JSMRUSM" failures="0" tests="5" name="test.Login" time="132.025" errors="0" timestamp="14 Nov 2021 08:00:42 GMT" skipped="0">
  <testcase classname="test.Login" name="Login_flow" time="32.095"/>
  <testcase classname="test.Login" name="Login_flow" time="23.208"/>
  <testcase classname="test.Login" name="Login_flow" time="28.106"/>
  <testcase classname="test.Login" name="Login_flow" time="26.758"/>
  <testcase classname="test.Login" name="Login_flow" time="21.858"/>
</testsuite> <!-- test.Login -->
