<?xml version="1.0" encoding="UTF-8"?>
<!-- Generated by org.testng.reporters.JUnitReportReporter -->
<testsuite hostname="DESKTOP-JSMRUSM" failures="0" tests="1" name="test.Login_TC003" time="51.074" errors="0" timestamp="14 Nov 2021 10:44:38 GMT" skipped="0">
  <testcase classname="test.Login_TC003" name="superAdminLogin" time="51.074"/>
</testsuite> <!-- test.Login_TC003 -->
