<?xml version="1.0" encoding="UTF-8"?>
<!-- Generated by org.testng.reporters.JUnitReportReporter -->
<testsuite hostname="DESKTOP-JSMRUSM" failures="0" tests="5" name="test.Login_TC001" time="136.015" errors="0" timestamp="14 Nov 2021 17:53:57 GMT" skipped="0">
  <testcase classname="test.Login_TC001" name="Login_flow" time="25.951"/>
  <testcase classname="test.Login_TC001" name="Login_flow" time="52.045"/>
  <testcase classname="test.Login_TC001" name="Login_flow" time="18.070"/>
  <testcase classname="test.Login_TC001" name="Login_flow" time="19.845"/>
  <testcase classname="test.Login_TC001" name="Login_flow" time="20.104"/>
</testsuite> <!-- test.Login_TC001 -->
